<?xml version="1.0" encoding="UTF-8"?>
<!-- Generated by org.testng.reporters.JUnitReportReporter -->
<testsuite hostname="GPLPL0041" name="com.testing.Tests.REST.RestForm" tests="1" failures="0" timestamp="30 May 2016 14:40:30 GMT" time="1.409" errors="0">
  <testcase name="saveNewRestForm" time="1.409" classname="com.testing.Tests.REST.RestForm"/>
</testsuite> <!-- com.testing.Tests.REST.RestForm -->
